2021-02-03 09:18:14,918 DEBUG 26588 [Job#16123150943275040811719471001] D:\egg\egg-example\node_modules\egg-logrotator\app\schedule\rotate_by_file.js finish event received by agent from worker#19428
2021-02-03 09:20:00,355 INFO 32480 [egg-schedule]: register schedule D:\egg\egg-example\node_modules\egg-multipart\app\schedule\clean_tmpdir.js
2021-02-03 09:20:00,355 INFO 32480 [egg-schedule]: register schedule D:\egg\egg-example\node_modules\egg-logrotator\app\schedule\clean_log.js
2021-02-03 09:20:00,355 INFO 32480 [egg-schedule]: register schedule D:\egg\egg-example\node_modules\egg-logrotator\app\schedule\rotate_by_file.js
2021-02-03 09:21:17,527 INFO 33108 [egg-schedule]: register schedule D:\egg\egg-example\node_modules\egg-multipart\app\schedule\clean_tmpdir.js
2021-02-03 09:21:17,527 INFO 33108 [egg-schedule]: register schedule D:\egg\egg-example\node_modules\egg-logrotator\app\schedule\clean_log.js
2021-02-03 09:21:17,527 INFO 33108 [egg-schedule]: register schedule D:\egg\egg-example\node_modules\egg-logrotator\app\schedule\rotate_by_file.js
2021-02-03 09:30:21,513 INFO 20552 [Timer] D:\egg\egg-example\node_modules\egg-multipart\app\schedule\clean_tmpdir.js next time will execute after 68378489ms at 2021-02-04 04:30:00.002
2021-02-03 09:30:21,514 INFO 20552 [Timer] D:\egg\egg-example\node_modules\egg-logrotator\app\schedule\clean_log.js next time will execute after 52178487ms at 2021-02-04 00:00:00.001
2021-02-03 09:30:21,514 INFO 20552 [Timer] D:\egg\egg-example\node_modules\egg-logrotator\app\schedule\rotate_by_file.js next time will execute after 52179486ms at 2021-02-04 00:00:01.000
2021-02-03 09:30:20,799 INFO 14128 [egg-schedule]: register schedule D:\egg\egg-example\node_modules\egg-multipart\app\schedule\clean_tmpdir.js
2021-02-03 09:30:20,799 INFO 14128 [egg-schedule]: register schedule D:\egg\egg-example\node_modules\egg-logrotator\app\schedule\clean_log.js
2021-02-03 09:30:20,799 INFO 14128 [egg-schedule]: register schedule D:\egg\egg-example\node_modules\egg-logrotator\app\schedule\rotate_by_file.js
2021-02-03 10:59:21,599 INFO 11920 [egg-schedule]: register schedule D:\egg\egg-example\node_modules\egg-multipart\app\schedule\clean_tmpdir.js
2021-02-03 10:59:21,599 INFO 11920 [egg-schedule]: register schedule D:\egg\egg-example\node_modules\egg-logrotator\app\schedule\clean_log.js
2021-02-03 10:59:21,599 INFO 11920 [egg-schedule]: register schedule D:\egg\egg-example\node_modules\egg-logrotator\app\schedule\rotate_by_file.js
2021-02-03 10:59:59,708 INFO 13632 [egg-schedule]: register schedule D:\egg\egg-example\node_modules\egg-multipart\app\schedule\clean_tmpdir.js
2021-02-03 10:59:59,708 INFO 13632 [egg-schedule]: register schedule D:\egg\egg-example\node_modules\egg-logrotator\app\schedule\clean_log.js
2021-02-03 10:59:59,708 INFO 13632 [egg-schedule]: register schedule D:\egg\egg-example\node_modules\egg-logrotator\app\schedule\rotate_by_file.js
2021-02-03 11:00:15,784 INFO 6772 [egg-schedule]: register schedule D:\egg\egg-example\node_modules\egg-multipart\app\schedule\clean_tmpdir.js
2021-02-03 11:00:15,784 INFO 6772 [egg-schedule]: register schedule D:\egg\egg-example\node_modules\egg-logrotator\app\schedule\clean_log.js
2021-02-03 11:00:15,784 INFO 6772 [egg-schedule]: register schedule D:\egg\egg-example\node_modules\egg-logrotator\app\schedule\rotate_by_file.js
2021-02-03 11:01:06,194 INFO 18588 [egg-schedule]: register schedule D:\egg\egg-example\node_modules\egg-multipart\app\schedule\clean_tmpdir.js
2021-02-03 11:01:06,194 INFO 18588 [egg-schedule]: register schedule D:\egg\egg-example\node_modules\egg-logrotator\app\schedule\clean_log.js
2021-02-03 11:01:06,194 INFO 18588 [egg-schedule]: register schedule D:\egg\egg-example\node_modules\egg-logrotator\app\schedule\rotate_by_file.js
2021-02-03 11:27:53,551 INFO 14788 [Timer] D:\egg\egg-example\node_modules\egg-multipart\app\schedule\clean_tmpdir.js next time will execute after 61326452ms at 2021-02-04 04:30:00.003
2021-02-03 11:27:53,551 INFO 14788 [Timer] D:\egg\egg-example\node_modules\egg-logrotator\app\schedule\clean_log.js next time will execute after 45126449ms at 2021-02-04 00:00:00.000
2021-02-03 11:27:53,551 INFO 14788 [Timer] D:\egg\egg-example\node_modules\egg-logrotator\app\schedule\rotate_by_file.js next time will execute after 45127449ms at 2021-02-04 00:00:01.000
2021-02-03 11:27:53,089 INFO 24220 [egg-schedule]: register schedule D:\egg\egg-example\node_modules\egg-multipart\app\schedule\clean_tmpdir.js
2021-02-03 11:27:53,089 INFO 24220 [egg-schedule]: register schedule D:\egg\egg-example\node_modules\egg-logrotator\app\schedule\clean_log.js
2021-02-03 11:27:53,089 INFO 24220 [egg-schedule]: register schedule D:\egg\egg-example\node_modules\egg-logrotator\app\schedule\rotate_by_file.js
2021-02-03 11:28:30,161 INFO 21468 [Timer] D:\egg\egg-example\node_modules\egg-multipart\app\schedule\clean_tmpdir.js next time will execute after 61289841ms at 2021-02-04 04:30:00.002
2021-02-03 11:28:30,161 INFO 21468 [Timer] D:\egg\egg-example\node_modules\egg-logrotator\app\schedule\clean_log.js next time will execute after 45089839ms at 2021-02-04 00:00:00.000
2021-02-03 11:28:30,161 INFO 21468 [Timer] D:\egg\egg-example\node_modules\egg-logrotator\app\schedule\rotate_by_file.js next time will execute after 45090839ms at 2021-02-04 00:00:01.000
2021-02-03 11:28:29,695 INFO 14040 [egg-schedule]: register schedule D:\egg\egg-example\node_modules\egg-multipart\app\schedule\clean_tmpdir.js
2021-02-03 11:28:29,695 INFO 14040 [egg-schedule]: register schedule D:\egg\egg-example\node_modules\egg-logrotator\app\schedule\clean_log.js
2021-02-03 11:28:29,695 INFO 14040 [egg-schedule]: register schedule D:\egg\egg-example\node_modules\egg-logrotator\app\schedule\rotate_by_file.js
2021-02-03 11:34:27,046 INFO 1612 [Timer] D:\egg\egg-example\node_modules\egg-multipart\app\schedule\clean_tmpdir.js next time will execute after 60932956ms at 2021-02-04 04:30:00.002
2021-02-03 11:34:27,047 INFO 1612 [Timer] D:\egg\egg-example\node_modules\egg-logrotator\app\schedule\clean_log.js next time will execute after 44732953ms at 2021-02-04 00:00:00.000
2021-02-03 11:34:27,047 INFO 1612 [Timer] D:\egg\egg-example\node_modules\egg-logrotator\app\schedule\rotate_by_file.js next time will execute after 44733953ms at 2021-02-04 00:00:01.000
2021-02-03 11:34:26,534 INFO 16628 [egg-schedule]: register schedule D:\egg\egg-example\node_modules\egg-multipart\app\schedule\clean_tmpdir.js
2021-02-03 11:34:26,534 INFO 16628 [egg-schedule]: register schedule D:\egg\egg-example\node_modules\egg-logrotator\app\schedule\clean_log.js
2021-02-03 11:34:26,535 INFO 16628 [egg-schedule]: register schedule D:\egg\egg-example\node_modules\egg-logrotator\app\schedule\rotate_by_file.js
2021-02-03 12:31:33,193 INFO 23404 [egg-schedule]: register schedule D:\egg\egg-example\node_modules\egg-multipart\app\schedule\clean_tmpdir.js
2021-02-03 12:31:33,193 INFO 23404 [egg-schedule]: register schedule D:\egg\egg-example\node_modules\egg-logrotator\app\schedule\clean_log.js
2021-02-03 12:31:33,193 INFO 23404 [egg-schedule]: register schedule D:\egg\egg-example\node_modules\egg-logrotator\app\schedule\rotate_by_file.js
2021-02-03 12:31:54,978 INFO 8684 [egg-schedule]: register schedule D:\egg\egg-example\node_modules\egg-multipart\app\schedule\clean_tmpdir.js
2021-02-03 12:31:54,978 INFO 8684 [egg-schedule]: register schedule D:\egg\egg-example\node_modules\egg-logrotator\app\schedule\clean_log.js
2021-02-03 12:31:54,978 INFO 8684 [egg-schedule]: register schedule D:\egg\egg-example\node_modules\egg-logrotator\app\schedule\rotate_by_file.js
2021-02-03 12:32:09,514 INFO 7704 [egg-schedule]: register schedule D:\egg\egg-example\node_modules\egg-multipart\app\schedule\clean_tmpdir.js
2021-02-03 12:32:09,514 INFO 7704 [egg-schedule]: register schedule D:\egg\egg-example\node_modules\egg-logrotator\app\schedule\clean_log.js
2021-02-03 12:32:09,514 INFO 7704 [egg-schedule]: register schedule D:\egg\egg-example\node_modules\egg-logrotator\app\schedule\rotate_by_file.js
2021-02-03 12:32:22,189 INFO 21200 [egg-schedule]: register schedule D:\egg\egg-example\node_modules\egg-multipart\app\schedule\clean_tmpdir.js
2021-02-03 12:32:22,189 INFO 21200 [egg-schedule]: register schedule D:\egg\egg-example\node_modules\egg-logrotator\app\schedule\clean_log.js
2021-02-03 12:32:22,189 INFO 21200 [egg-schedule]: register schedule D:\egg\egg-example\node_modules\egg-logrotator\app\schedule\rotate_by_file.js
2021-02-03 12:32:46,130 INFO 8548 [egg-schedule]: register schedule D:\egg\egg-example\node_modules\egg-multipart\app\schedule\clean_tmpdir.js
2021-02-03 12:32:46,130 INFO 8548 [egg-schedule]: register schedule D:\egg\egg-example\node_modules\egg-logrotator\app\schedule\clean_log.js
2021-02-03 12:32:46,130 INFO 8548 [egg-schedule]: register schedule D:\egg\egg-example\node_modules\egg-logrotator\app\schedule\rotate_by_file.js
2021-02-03 12:45:13,581 INFO 8484 [egg-schedule]: register schedule D:\egg\egg-example\node_modules\egg-multipart\app\schedule\clean_tmpdir.js
2021-02-03 12:45:13,581 INFO 8484 [egg-schedule]: register schedule D:\egg\egg-example\node_modules\egg-logrotator\app\schedule\clean_log.js
2021-02-03 12:45:13,581 INFO 8484 [egg-schedule]: register schedule D:\egg\egg-example\node_modules\egg-logrotator\app\schedule\rotate_by_file.js
2021-02-03 12:45:15,798 INFO 20780 [egg-schedule]: register schedule D:\egg\egg-example\node_modules\egg-multipart\app\schedule\clean_tmpdir.js
2021-02-03 12:45:15,798 INFO 20780 [egg-schedule]: register schedule D:\egg\egg-example\node_modules\egg-logrotator\app\schedule\clean_log.js
2021-02-03 12:45:15,798 INFO 20780 [egg-schedule]: register schedule D:\egg\egg-example\node_modules\egg-logrotator\app\schedule\rotate_by_file.js
2021-02-03 12:45:27,443 INFO 3632 [egg-schedule]: register schedule D:\egg\egg-example\node_modules\egg-multipart\app\schedule\clean_tmpdir.js
2021-02-03 12:45:27,443 INFO 3632 [egg-schedule]: register schedule D:\egg\egg-example\node_modules\egg-logrotator\app\schedule\clean_log.js
2021-02-03 12:45:27,443 INFO 3632 [egg-schedule]: register schedule D:\egg\egg-example\node_modules\egg-logrotator\app\schedule\rotate_by_file.js
2021-02-03 12:45:28,758 INFO 19748 [egg-schedule]: register schedule D:\egg\egg-example\node_modules\egg-multipart\app\schedule\clean_tmpdir.js
2021-02-03 12:45:28,758 INFO 19748 [egg-schedule]: register schedule D:\egg\egg-example\node_modules\egg-logrotator\app\schedule\clean_log.js
2021-02-03 12:45:28,758 INFO 19748 [egg-schedule]: register schedule D:\egg\egg-example\node_modules\egg-logrotator\app\schedule\rotate_by_file.js
2021-02-03 12:47:30,093 INFO 18172 [egg-schedule]: register schedule D:\egg\egg-example\node_modules\egg-multipart\app\schedule\clean_tmpdir.js
2021-02-03 12:47:30,093 INFO 18172 [egg-schedule]: register schedule D:\egg\egg-example\node_modules\egg-logrotator\app\schedule\clean_log.js
2021-02-03 12:47:30,093 INFO 18172 [egg-schedule]: register schedule D:\egg\egg-example\node_modules\egg-logrotator\app\schedule\rotate_by_file.js
2021-02-03 12:48:13,495 INFO 11212 [egg-schedule]: register schedule D:\egg\egg-example\node_modules\egg-multipart\app\schedule\clean_tmpdir.js
2021-02-03 12:48:13,495 INFO 11212 [egg-schedule]: register schedule D:\egg\egg-example\node_modules\egg-logrotator\app\schedule\clean_log.js
2021-02-03 12:48:13,495 INFO 11212 [egg-schedule]: register schedule D:\egg\egg-example\node_modules\egg-logrotator\app\schedule\rotate_by_file.js
2021-02-03 12:48:48,517 INFO 3992 [egg-schedule]: register schedule D:\egg\egg-example\node_modules\egg-multipart\app\schedule\clean_tmpdir.js
2021-02-03 12:48:48,517 INFO 3992 [egg-schedule]: register schedule D:\egg\egg-example\node_modules\egg-logrotator\app\schedule\clean_log.js
2021-02-03 12:48:48,517 INFO 3992 [egg-schedule]: register schedule D:\egg\egg-example\node_modules\egg-logrotator\app\schedule\rotate_by_file.js
2021-02-03 12:49:00,823 INFO 9220 [egg-schedule]: register schedule D:\egg\egg-example\node_modules\egg-multipart\app\schedule\clean_tmpdir.js
2021-02-03 12:49:00,823 INFO 9220 [egg-schedule]: register schedule D:\egg\egg-example\node_modules\egg-logrotator\app\schedule\clean_log.js
2021-02-03 12:49:00,823 INFO 9220 [egg-schedule]: register schedule D:\egg\egg-example\node_modules\egg-logrotator\app\schedule\rotate_by_file.js
2021-02-03 12:49:33,722 INFO 11532 [egg-schedule]: register schedule D:\egg\egg-example\node_modules\egg-multipart\app\schedule\clean_tmpdir.js
2021-02-03 12:49:33,722 INFO 11532 [egg-schedule]: register schedule D:\egg\egg-example\node_modules\egg-logrotator\app\schedule\clean_log.js
2021-02-03 12:49:33,722 INFO 11532 [egg-schedule]: register schedule D:\egg\egg-example\node_modules\egg-logrotator\app\schedule\rotate_by_file.js
2021-02-03 12:49:55,571 INFO 22248 [egg-schedule]: register schedule D:\egg\egg-example\node_modules\egg-multipart\app\schedule\clean_tmpdir.js
2021-02-03 12:49:55,571 INFO 22248 [egg-schedule]: register schedule D:\egg\egg-example\node_modules\egg-logrotator\app\schedule\clean_log.js
2021-02-03 12:49:55,571 INFO 22248 [egg-schedule]: register schedule D:\egg\egg-example\node_modules\egg-logrotator\app\schedule\rotate_by_file.js
2021-02-03 12:49:56,844 INFO 24464 [egg-schedule]: register schedule D:\egg\egg-example\node_modules\egg-multipart\app\schedule\clean_tmpdir.js
2021-02-03 12:49:56,844 INFO 24464 [egg-schedule]: register schedule D:\egg\egg-example\node_modules\egg-logrotator\app\schedule\clean_log.js
2021-02-03 12:49:56,844 INFO 24464 [egg-schedule]: register schedule D:\egg\egg-example\node_modules\egg-logrotator\app\schedule\rotate_by_file.js
2021-02-03 12:55:28,369 INFO 18408 [egg-schedule]: register schedule D:\egg\egg-example\node_modules\egg-multipart\app\schedule\clean_tmpdir.js
2021-02-03 12:55:28,369 INFO 18408 [egg-schedule]: register schedule D:\egg\egg-example\node_modules\egg-logrotator\app\schedule\clean_log.js
2021-02-03 12:55:28,369 INFO 18408 [egg-schedule]: register schedule D:\egg\egg-example\node_modules\egg-logrotator\app\schedule\rotate_by_file.js
2021-02-03 13:00:15,669 INFO 22056 [Timer] D:\egg\egg-example\node_modules\egg-multipart\app\schedule\clean_tmpdir.js next time will execute after 55784333ms at 2021-02-04 04:30:00.002
2021-02-03 13:00:15,670 INFO 22056 [Timer] D:\egg\egg-example\node_modules\egg-logrotator\app\schedule\clean_log.js next time will execute after 39584331ms at 2021-02-04 00:00:00.001
2021-02-03 13:00:15,670 INFO 22056 [Timer] D:\egg\egg-example\node_modules\egg-logrotator\app\schedule\rotate_by_file.js next time will execute after 39585330ms at 2021-02-04 00:00:01.000
2021-02-03 13:00:15,177 INFO 16404 [egg-schedule]: register schedule D:\egg\egg-example\node_modules\egg-multipart\app\schedule\clean_tmpdir.js
2021-02-03 13:00:15,177 INFO 16404 [egg-schedule]: register schedule D:\egg\egg-example\node_modules\egg-logrotator\app\schedule\clean_log.js
2021-02-03 13:00:15,177 INFO 16404 [egg-schedule]: register schedule D:\egg\egg-example\node_modules\egg-logrotator\app\schedule\rotate_by_file.js
2021-02-03 13:01:21,449 INFO 12136 [egg-schedule]: register schedule D:\egg\egg-example\node_modules\egg-multipart\app\schedule\clean_tmpdir.js
2021-02-03 13:01:21,449 INFO 12136 [egg-schedule]: register schedule D:\egg\egg-example\node_modules\egg-logrotator\app\schedule\clean_log.js
2021-02-03 13:01:21,449 INFO 12136 [egg-schedule]: register schedule D:\egg\egg-example\node_modules\egg-logrotator\app\schedule\rotate_by_file.js
2021-02-03 13:01:35,496 INFO 24092 [egg-schedule]: register schedule D:\egg\egg-example\node_modules\egg-multipart\app\schedule\clean_tmpdir.js
2021-02-03 13:01:35,496 INFO 24092 [egg-schedule]: register schedule D:\egg\egg-example\node_modules\egg-logrotator\app\schedule\clean_log.js
2021-02-03 13:01:35,496 INFO 24092 [egg-schedule]: register schedule D:\egg\egg-example\node_modules\egg-logrotator\app\schedule\rotate_by_file.js
2021-02-03 13:03:55,202 INFO 5072 [egg-schedule]: register schedule D:\egg\egg-example\node_modules\egg-multipart\app\schedule\clean_tmpdir.js
2021-02-03 13:03:55,202 INFO 5072 [egg-schedule]: register schedule D:\egg\egg-example\node_modules\egg-logrotator\app\schedule\clean_log.js
2021-02-03 13:03:55,202 INFO 5072 [egg-schedule]: register schedule D:\egg\egg-example\node_modules\egg-logrotator\app\schedule\rotate_by_file.js
2021-02-03 13:04:17,778 INFO 21752 [egg-schedule]: register schedule D:\egg\egg-example\node_modules\egg-multipart\app\schedule\clean_tmpdir.js
2021-02-03 13:04:17,778 INFO 21752 [egg-schedule]: register schedule D:\egg\egg-example\node_modules\egg-logrotator\app\schedule\clean_log.js
2021-02-03 13:04:17,778 INFO 21752 [egg-schedule]: register schedule D:\egg\egg-example\node_modules\egg-logrotator\app\schedule\rotate_by_file.js
2021-02-03 13:05:33,983 INFO 14048 [egg-schedule]: register schedule D:\egg\egg-example\node_modules\egg-multipart\app\schedule\clean_tmpdir.js
2021-02-03 13:05:33,983 INFO 14048 [egg-schedule]: register schedule D:\egg\egg-example\node_modules\egg-logrotator\app\schedule\clean_log.js
2021-02-03 13:05:33,983 INFO 14048 [egg-schedule]: register schedule D:\egg\egg-example\node_modules\egg-logrotator\app\schedule\rotate_by_file.js
2021-02-03 13:05:40,676 INFO 8652 [egg-schedule]: register schedule D:\egg\egg-example\node_modules\egg-multipart\app\schedule\clean_tmpdir.js
2021-02-03 13:05:40,676 INFO 8652 [egg-schedule]: register schedule D:\egg\egg-example\node_modules\egg-logrotator\app\schedule\clean_log.js
2021-02-03 13:05:40,676 INFO 8652 [egg-schedule]: register schedule D:\egg\egg-example\node_modules\egg-logrotator\app\schedule\rotate_by_file.js
2021-02-03 13:06:11,073 INFO 1748 [egg-schedule]: register schedule D:\egg\egg-example\node_modules\egg-multipart\app\schedule\clean_tmpdir.js
2021-02-03 13:06:11,073 INFO 1748 [egg-schedule]: register schedule D:\egg\egg-example\node_modules\egg-logrotator\app\schedule\clean_log.js
2021-02-03 13:06:11,073 INFO 1748 [egg-schedule]: register schedule D:\egg\egg-example\node_modules\egg-logrotator\app\schedule\rotate_by_file.js
2021-02-03 13:07:04,356 INFO 20040 [egg-schedule]: register schedule D:\egg\egg-example\node_modules\egg-multipart\app\schedule\clean_tmpdir.js
2021-02-03 13:07:04,356 INFO 20040 [egg-schedule]: register schedule D:\egg\egg-example\node_modules\egg-logrotator\app\schedule\clean_log.js
2021-02-03 13:07:04,356 INFO 20040 [egg-schedule]: register schedule D:\egg\egg-example\node_modules\egg-logrotator\app\schedule\rotate_by_file.js
2021-02-03 13:09:20,686 INFO 24036 [egg-schedule]: register schedule D:\egg\egg-example\node_modules\egg-multipart\app\schedule\clean_tmpdir.js
2021-02-03 13:09:20,686 INFO 24036 [egg-schedule]: register schedule D:\egg\egg-example\node_modules\egg-logrotator\app\schedule\clean_log.js
2021-02-03 13:09:20,686 INFO 24036 [egg-schedule]: register schedule D:\egg\egg-example\node_modules\egg-logrotator\app\schedule\rotate_by_file.js
2021-02-03 13:11:03,145 INFO 21944 [egg-schedule]: register schedule D:\egg\egg-example\node_modules\egg-multipart\app\schedule\clean_tmpdir.js
2021-02-03 13:11:03,145 INFO 21944 [egg-schedule]: register schedule D:\egg\egg-example\node_modules\egg-logrotator\app\schedule\clean_log.js
2021-02-03 13:11:03,145 INFO 21944 [egg-schedule]: register schedule D:\egg\egg-example\node_modules\egg-logrotator\app\schedule\rotate_by_file.js
2021-02-03 13:12:04,384 INFO 23992 [egg-schedule]: register schedule D:\egg\egg-example\node_modules\egg-multipart\app\schedule\clean_tmpdir.js
2021-02-03 13:12:04,384 INFO 23992 [egg-schedule]: register schedule D:\egg\egg-example\node_modules\egg-logrotator\app\schedule\clean_log.js
2021-02-03 13:12:04,384 INFO 23992 [egg-schedule]: register schedule D:\egg\egg-example\node_modules\egg-logrotator\app\schedule\rotate_by_file.js
2021-02-03 13:29:26,627 INFO 12072 [egg-schedule]: register schedule D:\egg\egg-example\node_modules\egg-multipart\app\schedule\clean_tmpdir.js
2021-02-03 13:29:26,627 INFO 12072 [egg-schedule]: register schedule D:\egg\egg-example\node_modules\egg-logrotator\app\schedule\clean_log.js
2021-02-03 13:29:26,627 INFO 12072 [egg-schedule]: register schedule D:\egg\egg-example\node_modules\egg-logrotator\app\schedule\rotate_by_file.js
2021-02-03 13:32:51,962 INFO 23708 [egg-schedule]: register schedule D:\egg\egg-example\node_modules\egg-multipart\app\schedule\clean_tmpdir.js
2021-02-03 13:32:51,962 INFO 23708 [egg-schedule]: register schedule D:\egg\egg-example\node_modules\egg-logrotator\app\schedule\clean_log.js
2021-02-03 13:32:51,962 INFO 23708 [egg-schedule]: register schedule D:\egg\egg-example\node_modules\egg-logrotator\app\schedule\rotate_by_file.js
2021-02-03 13:48:44,399 INFO 23316 [egg-schedule]: register schedule D:\egg\egg-example\node_modules\egg-multipart\app\schedule\clean_tmpdir.js
2021-02-03 13:48:44,399 INFO 23316 [egg-schedule]: register schedule D:\egg\egg-example\node_modules\egg-logrotator\app\schedule\clean_log.js
2021-02-03 13:48:44,399 INFO 23316 [egg-schedule]: register schedule D:\egg\egg-example\node_modules\egg-logrotator\app\schedule\rotate_by_file.js
2021-02-03 13:53:09,462 INFO 23128 [egg-schedule]: register schedule D:\egg\egg-example\node_modules\egg-multipart\app\schedule\clean_tmpdir.js
2021-02-03 13:53:09,462 INFO 23128 [egg-schedule]: register schedule D:\egg\egg-example\node_modules\egg-logrotator\app\schedule\clean_log.js
2021-02-03 13:53:09,462 INFO 23128 [egg-schedule]: register schedule D:\egg\egg-example\node_modules\egg-logrotator\app\schedule\rotate_by_file.js
2021-02-03 13:55:02,749 INFO 4024 [egg-schedule]: register schedule D:\egg\egg-example\node_modules\egg-multipart\app\schedule\clean_tmpdir.js
2021-02-03 13:55:02,749 INFO 4024 [egg-schedule]: register schedule D:\egg\egg-example\node_modules\egg-logrotator\app\schedule\clean_log.js
2021-02-03 13:55:02,749 INFO 4024 [egg-schedule]: register schedule D:\egg\egg-example\node_modules\egg-logrotator\app\schedule\rotate_by_file.js
2021-02-03 13:56:33,889 INFO 23120 [egg-schedule]: register schedule D:\egg\egg-example\node_modules\egg-multipart\app\schedule\clean_tmpdir.js
2021-02-03 13:56:33,889 INFO 23120 [egg-schedule]: register schedule D:\egg\egg-example\node_modules\egg-logrotator\app\schedule\clean_log.js
2021-02-03 13:56:33,889 INFO 23120 [egg-schedule]: register schedule D:\egg\egg-example\node_modules\egg-logrotator\app\schedule\rotate_by_file.js
2021-02-03 13:56:56,859 INFO 24288 [egg-schedule]: register schedule D:\egg\egg-example\node_modules\egg-multipart\app\schedule\clean_tmpdir.js
2021-02-03 13:56:56,859 INFO 24288 [egg-schedule]: register schedule D:\egg\egg-example\node_modules\egg-logrotator\app\schedule\clean_log.js
2021-02-03 13:56:56,859 INFO 24288 [egg-schedule]: register schedule D:\egg\egg-example\node_modules\egg-logrotator\app\schedule\rotate_by_file.js
2021-02-03 13:58:58,765 INFO 21160 [egg-schedule]: register schedule D:\egg\egg-example\node_modules\egg-multipart\app\schedule\clean_tmpdir.js
2021-02-03 13:58:58,765 INFO 21160 [egg-schedule]: register schedule D:\egg\egg-example\node_modules\egg-logrotator\app\schedule\clean_log.js
2021-02-03 13:58:58,765 INFO 21160 [egg-schedule]: register schedule D:\egg\egg-example\node_modules\egg-logrotator\app\schedule\rotate_by_file.js
2021-02-03 13:59:24,790 INFO 14784 [egg-schedule]: register schedule D:\egg\egg-example\node_modules\egg-multipart\app\schedule\clean_tmpdir.js
2021-02-03 13:59:24,790 INFO 14784 [egg-schedule]: register schedule D:\egg\egg-example\node_modules\egg-logrotator\app\schedule\clean_log.js
2021-02-03 13:59:24,790 INFO 14784 [egg-schedule]: register schedule D:\egg\egg-example\node_modules\egg-logrotator\app\schedule\rotate_by_file.js
2021-02-03 13:59:33,299 INFO 8000 [egg-schedule]: register schedule D:\egg\egg-example\node_modules\egg-multipart\app\schedule\clean_tmpdir.js
2021-02-03 13:59:33,299 INFO 8000 [egg-schedule]: register schedule D:\egg\egg-example\node_modules\egg-logrotator\app\schedule\clean_log.js
2021-02-03 13:59:33,299 INFO 8000 [egg-schedule]: register schedule D:\egg\egg-example\node_modules\egg-logrotator\app\schedule\rotate_by_file.js
2021-02-03 14:00:03,459 INFO 16700 [egg-schedule]: register schedule D:\egg\egg-example\node_modules\egg-multipart\app\schedule\clean_tmpdir.js
2021-02-03 14:00:03,459 INFO 16700 [egg-schedule]: register schedule D:\egg\egg-example\node_modules\egg-logrotator\app\schedule\clean_log.js
2021-02-03 14:00:03,459 INFO 16700 [egg-schedule]: register schedule D:\egg\egg-example\node_modules\egg-logrotator\app\schedule\rotate_by_file.js
2021-02-03 14:04:15,292 INFO 23688 [egg-schedule]: register schedule D:\egg\egg-example\node_modules\egg-multipart\app\schedule\clean_tmpdir.js
2021-02-03 14:04:15,292 INFO 23688 [egg-schedule]: register schedule D:\egg\egg-example\node_modules\egg-logrotator\app\schedule\clean_log.js
2021-02-03 14:04:15,292 INFO 23688 [egg-schedule]: register schedule D:\egg\egg-example\node_modules\egg-logrotator\app\schedule\rotate_by_file.js
2021-02-03 14:04:21,352 INFO 24156 [egg-schedule]: register schedule D:\egg\egg-example\node_modules\egg-multipart\app\schedule\clean_tmpdir.js
2021-02-03 14:04:21,352 INFO 24156 [egg-schedule]: register schedule D:\egg\egg-example\node_modules\egg-logrotator\app\schedule\clean_log.js
2021-02-03 14:04:21,352 INFO 24156 [egg-schedule]: register schedule D:\egg\egg-example\node_modules\egg-logrotator\app\schedule\rotate_by_file.js
2021-02-03 14:04:59,703 INFO 16784 [egg-schedule]: register schedule D:\egg\egg-example\node_modules\egg-multipart\app\schedule\clean_tmpdir.js
2021-02-03 14:04:59,703 INFO 16784 [egg-schedule]: register schedule D:\egg\egg-example\node_modules\egg-logrotator\app\schedule\clean_log.js
2021-02-03 14:04:59,703 INFO 16784 [egg-schedule]: register schedule D:\egg\egg-example\node_modules\egg-logrotator\app\schedule\rotate_by_file.js
2021-02-03 14:06:01,940 INFO 10168 [egg-schedule]: register schedule D:\egg\egg-example\node_modules\egg-multipart\app\schedule\clean_tmpdir.js
2021-02-03 14:06:01,940 INFO 10168 [egg-schedule]: register schedule D:\egg\egg-example\node_modules\egg-logrotator\app\schedule\clean_log.js
2021-02-03 14:06:01,940 INFO 10168 [egg-schedule]: register schedule D:\egg\egg-example\node_modules\egg-logrotator\app\schedule\rotate_by_file.js
2021-02-03 14:06:20,269 INFO 21700 [egg-schedule]: register schedule D:\egg\egg-example\node_modules\egg-multipart\app\schedule\clean_tmpdir.js
2021-02-03 14:06:20,269 INFO 21700 [egg-schedule]: register schedule D:\egg\egg-example\node_modules\egg-logrotator\app\schedule\clean_log.js
2021-02-03 14:06:20,269 INFO 21700 [egg-schedule]: register schedule D:\egg\egg-example\node_modules\egg-logrotator\app\schedule\rotate_by_file.js
2021-02-03 14:10:29,258 INFO 9664 [egg-schedule]: register schedule D:\egg\egg-example\node_modules\egg-multipart\app\schedule\clean_tmpdir.js
2021-02-03 14:10:29,258 INFO 9664 [egg-schedule]: register schedule D:\egg\egg-example\node_modules\egg-logrotator\app\schedule\clean_log.js
2021-02-03 14:10:29,258 INFO 9664 [egg-schedule]: register schedule D:\egg\egg-example\node_modules\egg-logrotator\app\schedule\rotate_by_file.js
2021-02-03 14:11:01,366 INFO 2572 [egg-schedule]: register schedule D:\egg\egg-example\node_modules\egg-multipart\app\schedule\clean_tmpdir.js
2021-02-03 14:11:01,366 INFO 2572 [egg-schedule]: register schedule D:\egg\egg-example\node_modules\egg-logrotator\app\schedule\clean_log.js
2021-02-03 14:11:01,366 INFO 2572 [egg-schedule]: register schedule D:\egg\egg-example\node_modules\egg-logrotator\app\schedule\rotate_by_file.js
2021-02-03 14:11:07,558 INFO 4152 [egg-schedule]: register schedule D:\egg\egg-example\node_modules\egg-multipart\app\schedule\clean_tmpdir.js
2021-02-03 14:11:07,558 INFO 4152 [egg-schedule]: register schedule D:\egg\egg-example\node_modules\egg-logrotator\app\schedule\clean_log.js
2021-02-03 14:11:07,558 INFO 4152 [egg-schedule]: register schedule D:\egg\egg-example\node_modules\egg-logrotator\app\schedule\rotate_by_file.js
2021-02-03 14:11:33,963 INFO 13684 [egg-schedule]: register schedule D:\egg\egg-example\node_modules\egg-multipart\app\schedule\clean_tmpdir.js
2021-02-03 14:11:33,963 INFO 13684 [egg-schedule]: register schedule D:\egg\egg-example\node_modules\egg-logrotator\app\schedule\clean_log.js
2021-02-03 14:11:33,963 INFO 13684 [egg-schedule]: register schedule D:\egg\egg-example\node_modules\egg-logrotator\app\schedule\rotate_by_file.js
2021-02-03 14:20:46,042 INFO 23824 [egg-schedule]: register schedule D:\egg\egg-example\node_modules\egg-multipart\app\schedule\clean_tmpdir.js
2021-02-03 14:20:46,042 INFO 23824 [egg-schedule]: register schedule D:\egg\egg-example\node_modules\egg-logrotator\app\schedule\clean_log.js
2021-02-03 14:20:46,042 INFO 23824 [egg-schedule]: register schedule D:\egg\egg-example\node_modules\egg-logrotator\app\schedule\rotate_by_file.js
2021-02-03 14:46:05,693 INFO 2628 [egg-schedule]: register schedule D:\egg\egg-example\node_modules\egg-multipart\app\schedule\clean_tmpdir.js
2021-02-03 14:46:05,693 INFO 2628 [egg-schedule]: register schedule D:\egg\egg-example\node_modules\egg-logrotator\app\schedule\clean_log.js
2021-02-03 14:46:05,693 INFO 2628 [egg-schedule]: register schedule D:\egg\egg-example\node_modules\egg-logrotator\app\schedule\rotate_by_file.js
2021-02-03 14:46:12,556 INFO 18136 [egg-schedule]: register schedule D:\egg\egg-example\node_modules\egg-multipart\app\schedule\clean_tmpdir.js
2021-02-03 14:46:12,556 INFO 18136 [egg-schedule]: register schedule D:\egg\egg-example\node_modules\egg-logrotator\app\schedule\clean_log.js
2021-02-03 14:46:12,556 INFO 18136 [egg-schedule]: register schedule D:\egg\egg-example\node_modules\egg-logrotator\app\schedule\rotate_by_file.js
2021-02-03 14:46:48,841 INFO 22676 [egg-schedule]: register schedule D:\egg\egg-example\node_modules\egg-multipart\app\schedule\clean_tmpdir.js
2021-02-03 14:46:48,841 INFO 22676 [egg-schedule]: register schedule D:\egg\egg-example\node_modules\egg-logrotator\app\schedule\clean_log.js
2021-02-03 14:46:48,841 INFO 22676 [egg-schedule]: register schedule D:\egg\egg-example\node_modules\egg-logrotator\app\schedule\rotate_by_file.js
2021-02-03 14:47:58,917 INFO 23992 [egg-schedule]: register schedule D:\egg\egg-example\node_modules\egg-multipart\app\schedule\clean_tmpdir.js
2021-02-03 14:47:58,917 INFO 23992 [egg-schedule]: register schedule D:\egg\egg-example\node_modules\egg-logrotator\app\schedule\clean_log.js
2021-02-03 14:47:58,917 INFO 23992 [egg-schedule]: register schedule D:\egg\egg-example\node_modules\egg-logrotator\app\schedule\rotate_by_file.js
2021-02-03 14:48:08,898 INFO 24180 [egg-schedule]: register schedule D:\egg\egg-example\node_modules\egg-multipart\app\schedule\clean_tmpdir.js
2021-02-03 14:48:08,898 INFO 24180 [egg-schedule]: register schedule D:\egg\egg-example\node_modules\egg-logrotator\app\schedule\clean_log.js
2021-02-03 14:48:08,898 INFO 24180 [egg-schedule]: register schedule D:\egg\egg-example\node_modules\egg-logrotator\app\schedule\rotate_by_file.js
2021-02-03 14:49:47,009 INFO 20560 [egg-schedule]: register schedule D:\egg\egg-example\node_modules\egg-multipart\app\schedule\clean_tmpdir.js
2021-02-03 14:49:47,009 INFO 20560 [egg-schedule]: register schedule D:\egg\egg-example\node_modules\egg-logrotator\app\schedule\clean_log.js
2021-02-03 14:49:47,009 INFO 20560 [egg-schedule]: register schedule D:\egg\egg-example\node_modules\egg-logrotator\app\schedule\rotate_by_file.js
2021-02-03 15:01:46,866 INFO 25180 [egg-schedule]: register schedule D:\egg\egg-example\node_modules\egg-multipart\app\schedule\clean_tmpdir.js
2021-02-03 15:01:46,866 INFO 25180 [egg-schedule]: register schedule D:\egg\egg-example\node_modules\egg-logrotator\app\schedule\clean_log.js
2021-02-03 15:01:46,866 INFO 25180 [egg-schedule]: register schedule D:\egg\egg-example\node_modules\egg-logrotator\app\schedule\rotate_by_file.js
2021-02-03 15:05:34,344 INFO 25492 [egg-schedule]: register schedule D:\egg\egg-example\node_modules\egg-multipart\app\schedule\clean_tmpdir.js
2021-02-03 15:05:34,344 INFO 25492 [egg-schedule]: register schedule D:\egg\egg-example\node_modules\egg-logrotator\app\schedule\clean_log.js
2021-02-03 15:05:34,344 INFO 25492 [egg-schedule]: register schedule D:\egg\egg-example\node_modules\egg-logrotator\app\schedule\rotate_by_file.js
2021-02-03 15:06:01,842 INFO 11792 [egg-schedule]: register schedule D:\egg\egg-example\node_modules\egg-multipart\app\schedule\clean_tmpdir.js
2021-02-03 15:06:01,842 INFO 11792 [egg-schedule]: register schedule D:\egg\egg-example\node_modules\egg-logrotator\app\schedule\clean_log.js
2021-02-03 15:06:01,842 INFO 11792 [egg-schedule]: register schedule D:\egg\egg-example\node_modules\egg-logrotator\app\schedule\rotate_by_file.js
2021-02-03 15:53:46,604 INFO 8816 [egg-schedule]: register schedule D:\egg\egg-example\node_modules\egg-multipart\app\schedule\clean_tmpdir.js
2021-02-03 15:53:46,604 INFO 8816 [egg-schedule]: register schedule D:\egg\egg-example\node_modules\egg-logrotator\app\schedule\clean_log.js
2021-02-03 15:53:46,604 INFO 8816 [egg-schedule]: register schedule D:\egg\egg-example\node_modules\egg-logrotator\app\schedule\rotate_by_file.js
2021-02-03 15:54:14,620 INFO 23476 [egg-schedule]: register schedule D:\egg\egg-example\node_modules\egg-multipart\app\schedule\clean_tmpdir.js
2021-02-03 15:54:14,620 INFO 23476 [egg-schedule]: register schedule D:\egg\egg-example\node_modules\egg-logrotator\app\schedule\clean_log.js
2021-02-03 15:54:14,620 INFO 23476 [egg-schedule]: register schedule D:\egg\egg-example\node_modules\egg-logrotator\app\schedule\rotate_by_file.js
2021-02-03 15:54:47,718 INFO 20508 [egg-schedule]: register schedule D:\egg\egg-example\node_modules\egg-multipart\app\schedule\clean_tmpdir.js
2021-02-03 15:54:47,718 INFO 20508 [egg-schedule]: register schedule D:\egg\egg-example\node_modules\egg-logrotator\app\schedule\clean_log.js
2021-02-03 15:54:47,718 INFO 20508 [egg-schedule]: register schedule D:\egg\egg-example\node_modules\egg-logrotator\app\schedule\rotate_by_file.js
2021-02-03 15:55:59,375 INFO 22736 [egg-schedule]: register schedule D:\egg\egg-example\node_modules\egg-multipart\app\schedule\clean_tmpdir.js
2021-02-03 15:55:59,375 INFO 22736 [egg-schedule]: register schedule D:\egg\egg-example\node_modules\egg-logrotator\app\schedule\clean_log.js
2021-02-03 15:55:59,375 INFO 22736 [egg-schedule]: register schedule D:\egg\egg-example\node_modules\egg-logrotator\app\schedule\rotate_by_file.js
2021-02-03 15:57:22,447 INFO 9364 [egg-schedule]: register schedule D:\egg\egg-example\node_modules\egg-multipart\app\schedule\clean_tmpdir.js
2021-02-03 15:57:22,447 INFO 9364 [egg-schedule]: register schedule D:\egg\egg-example\node_modules\egg-logrotator\app\schedule\clean_log.js
2021-02-03 15:57:22,447 INFO 9364 [egg-schedule]: register schedule D:\egg\egg-example\node_modules\egg-logrotator\app\schedule\rotate_by_file.js
2021-02-03 15:59:29,791 INFO 3964 [egg-schedule]: register schedule D:\egg\egg-example\node_modules\egg-multipart\app\schedule\clean_tmpdir.js
2021-02-03 15:59:29,791 INFO 3964 [egg-schedule]: register schedule D:\egg\egg-example\node_modules\egg-logrotator\app\schedule\clean_log.js
2021-02-03 15:59:29,791 INFO 3964 [egg-schedule]: register schedule D:\egg\egg-example\node_modules\egg-logrotator\app\schedule\rotate_by_file.js
2021-02-03 16:01:31,752 INFO 21848 [egg-schedule]: register schedule D:\egg\egg-example\node_modules\egg-multipart\app\schedule\clean_tmpdir.js
2021-02-03 16:01:31,752 INFO 21848 [egg-schedule]: register schedule D:\egg\egg-example\node_modules\egg-logrotator\app\schedule\clean_log.js
2021-02-03 16:01:31,752 INFO 21848 [egg-schedule]: register schedule D:\egg\egg-example\node_modules\egg-logrotator\app\schedule\rotate_by_file.js
2021-02-03 16:01:38,950 INFO 4152 [egg-schedule]: register schedule D:\egg\egg-example\node_modules\egg-multipart\app\schedule\clean_tmpdir.js
2021-02-03 16:01:38,950 INFO 4152 [egg-schedule]: register schedule D:\egg\egg-example\node_modules\egg-logrotator\app\schedule\clean_log.js
2021-02-03 16:01:38,950 INFO 4152 [egg-schedule]: register schedule D:\egg\egg-example\node_modules\egg-logrotator\app\schedule\rotate_by_file.js
2021-02-03 16:01:40,583 INFO 12176 [egg-schedule]: register schedule D:\egg\egg-example\node_modules\egg-multipart\app\schedule\clean_tmpdir.js
2021-02-03 16:01:40,583 INFO 12176 [egg-schedule]: register schedule D:\egg\egg-example\node_modules\egg-logrotator\app\schedule\clean_log.js
2021-02-03 16:01:40,583 INFO 12176 [egg-schedule]: register schedule D:\egg\egg-example\node_modules\egg-logrotator\app\schedule\rotate_by_file.js
2021-02-03 16:02:33,872 INFO 20896 [egg-schedule]: register schedule D:\egg\egg-example\node_modules\egg-multipart\app\schedule\clean_tmpdir.js
2021-02-03 16:02:33,872 INFO 20896 [egg-schedule]: register schedule D:\egg\egg-example\node_modules\egg-logrotator\app\schedule\clean_log.js
2021-02-03 16:02:33,872 INFO 20896 [egg-schedule]: register schedule D:\egg\egg-example\node_modules\egg-logrotator\app\schedule\rotate_by_file.js
2021-02-03 16:03:30,852 INFO 21272 [egg-schedule]: register schedule D:\egg\egg-example\node_modules\egg-multipart\app\schedule\clean_tmpdir.js
2021-02-03 16:03:30,852 INFO 21272 [egg-schedule]: register schedule D:\egg\egg-example\node_modules\egg-logrotator\app\schedule\clean_log.js
2021-02-03 16:03:30,852 INFO 21272 [egg-schedule]: register schedule D:\egg\egg-example\node_modules\egg-logrotator\app\schedule\rotate_by_file.js
2021-02-03 16:04:02,481 INFO 21792 [egg-schedule]: register schedule D:\egg\egg-example\node_modules\egg-multipart\app\schedule\clean_tmpdir.js
2021-02-03 16:04:02,481 INFO 21792 [egg-schedule]: register schedule D:\egg\egg-example\node_modules\egg-logrotator\app\schedule\clean_log.js
2021-02-03 16:04:02,481 INFO 21792 [egg-schedule]: register schedule D:\egg\egg-example\node_modules\egg-logrotator\app\schedule\rotate_by_file.js
2021-02-03 16:06:34,989 INFO 20988 [egg-schedule]: register schedule D:\egg\egg-example\node_modules\egg-multipart\app\schedule\clean_tmpdir.js
2021-02-03 16:06:34,989 INFO 20988 [egg-schedule]: register schedule D:\egg\egg-example\node_modules\egg-logrotator\app\schedule\clean_log.js
2021-02-03 16:06:34,989 INFO 20988 [egg-schedule]: register schedule D:\egg\egg-example\node_modules\egg-logrotator\app\schedule\rotate_by_file.js
2021-02-03 16:09:06,085 INFO 9552 [egg-schedule]: register schedule D:\egg\egg-example\node_modules\egg-multipart\app\schedule\clean_tmpdir.js
2021-02-03 16:09:06,086 INFO 9552 [egg-schedule]: register schedule D:\egg\egg-example\node_modules\egg-logrotator\app\schedule\clean_log.js
2021-02-03 16:09:06,086 INFO 9552 [egg-schedule]: register schedule D:\egg\egg-example\node_modules\egg-logrotator\app\schedule\rotate_by_file.js
2021-02-03 16:09:09,733 INFO 17700 [egg-schedule]: register schedule D:\egg\egg-example\node_modules\egg-multipart\app\schedule\clean_tmpdir.js
2021-02-03 16:09:09,733 INFO 17700 [egg-schedule]: register schedule D:\egg\egg-example\node_modules\egg-logrotator\app\schedule\clean_log.js
2021-02-03 16:09:09,733 INFO 17700 [egg-schedule]: register schedule D:\egg\egg-example\node_modules\egg-logrotator\app\schedule\rotate_by_file.js
2021-02-03 16:16:29,579 INFO 25200 [egg-schedule]: register schedule D:\egg\egg-example\node_modules\egg-multipart\app\schedule\clean_tmpdir.js
2021-02-03 16:16:29,579 INFO 25200 [egg-schedule]: register schedule D:\egg\egg-example\node_modules\egg-logrotator\app\schedule\clean_log.js
2021-02-03 16:16:29,579 INFO 25200 [egg-schedule]: register schedule D:\egg\egg-example\node_modules\egg-logrotator\app\schedule\rotate_by_file.js
2021-02-03 16:22:37,123 INFO 8648 [egg-schedule]: register schedule D:\egg\egg-example\node_modules\egg-multipart\app\schedule\clean_tmpdir.js
2021-02-03 16:22:37,123 INFO 8648 [egg-schedule]: register schedule D:\egg\egg-example\node_modules\egg-logrotator\app\schedule\clean_log.js
2021-02-03 16:22:37,123 INFO 8648 [egg-schedule]: register schedule D:\egg\egg-example\node_modules\egg-logrotator\app\schedule\rotate_by_file.js
2021-02-03 16:24:37,769 INFO 22936 [egg-schedule]: register schedule D:\egg\egg-example\node_modules\egg-multipart\app\schedule\clean_tmpdir.js
2021-02-03 16:24:37,769 INFO 22936 [egg-schedule]: register schedule D:\egg\egg-example\node_modules\egg-logrotator\app\schedule\clean_log.js
2021-02-03 16:24:37,769 INFO 22936 [egg-schedule]: register schedule D:\egg\egg-example\node_modules\egg-logrotator\app\schedule\rotate_by_file.js
2021-02-03 16:52:34,510 INFO 23992 [egg-schedule]: register schedule D:\egg\egg-example\node_modules\egg-multipart\app\schedule\clean_tmpdir.js
2021-02-03 16:52:34,510 INFO 23992 [egg-schedule]: register schedule D:\egg\egg-example\node_modules\egg-logrotator\app\schedule\clean_log.js
2021-02-03 16:52:34,510 INFO 23992 [egg-schedule]: register schedule D:\egg\egg-example\node_modules\egg-logrotator\app\schedule\rotate_by_file.js
2021-02-03 16:57:32,588 INFO 24608 [egg-schedule]: register schedule D:\egg\egg-example\node_modules\egg-multipart\app\schedule\clean_tmpdir.js
2021-02-03 16:57:32,588 INFO 24608 [egg-schedule]: register schedule D:\egg\egg-example\node_modules\egg-logrotator\app\schedule\clean_log.js
2021-02-03 16:57:32,588 INFO 24608 [egg-schedule]: register schedule D:\egg\egg-example\node_modules\egg-logrotator\app\schedule\rotate_by_file.js
2021-02-03 16:57:40,004 INFO 16628 [egg-schedule]: register schedule D:\egg\egg-example\node_modules\egg-multipart\app\schedule\clean_tmpdir.js
2021-02-03 16:57:40,004 INFO 16628 [egg-schedule]: register schedule D:\egg\egg-example\node_modules\egg-logrotator\app\schedule\clean_log.js
2021-02-03 16:57:40,004 INFO 16628 [egg-schedule]: register schedule D:\egg\egg-example\node_modules\egg-logrotator\app\schedule\rotate_by_file.js
2021-02-03 16:58:58,759 INFO 9244 [egg-schedule]: register schedule D:\egg\egg-example\node_modules\egg-multipart\app\schedule\clean_tmpdir.js
2021-02-03 16:58:58,759 INFO 9244 [egg-schedule]: register schedule D:\egg\egg-example\node_modules\egg-logrotator\app\schedule\clean_log.js
2021-02-03 16:58:58,759 INFO 9244 [egg-schedule]: register schedule D:\egg\egg-example\node_modules\egg-logrotator\app\schedule\rotate_by_file.js
2021-02-03 17:01:00,480 INFO 20596 [egg-schedule]: register schedule D:\egg\egg-example\node_modules\egg-multipart\app\schedule\clean_tmpdir.js
2021-02-03 17:01:00,480 INFO 20596 [egg-schedule]: register schedule D:\egg\egg-example\node_modules\egg-logrotator\app\schedule\clean_log.js
2021-02-03 17:01:00,480 INFO 20596 [egg-schedule]: register schedule D:\egg\egg-example\node_modules\egg-logrotator\app\schedule\rotate_by_file.js
2021-02-03 17:01:25,307 INFO 17580 [egg-schedule]: register schedule D:\egg\egg-example\node_modules\egg-multipart\app\schedule\clean_tmpdir.js
2021-02-03 17:01:25,307 INFO 17580 [egg-schedule]: register schedule D:\egg\egg-example\node_modules\egg-logrotator\app\schedule\clean_log.js
2021-02-03 17:01:25,307 INFO 17580 [egg-schedule]: register schedule D:\egg\egg-example\node_modules\egg-logrotator\app\schedule\rotate_by_file.js
2021-02-03 17:04:27,056 INFO 3664 [egg-schedule]: register schedule D:\egg\egg-example\node_modules\egg-multipart\app\schedule\clean_tmpdir.js
2021-02-03 17:04:27,056 INFO 3664 [egg-schedule]: register schedule D:\egg\egg-example\node_modules\egg-logrotator\app\schedule\clean_log.js
2021-02-03 17:04:27,056 INFO 3664 [egg-schedule]: register schedule D:\egg\egg-example\node_modules\egg-logrotator\app\schedule\rotate_by_file.js
2021-02-03 17:04:33,063 INFO 22924 [egg-schedule]: register schedule D:\egg\egg-example\node_modules\egg-multipart\app\schedule\clean_tmpdir.js
2021-02-03 17:04:33,063 INFO 22924 [egg-schedule]: register schedule D:\egg\egg-example\node_modules\egg-logrotator\app\schedule\clean_log.js
2021-02-03 17:04:33,063 INFO 22924 [egg-schedule]: register schedule D:\egg\egg-example\node_modules\egg-logrotator\app\schedule\rotate_by_file.js
2021-02-03 17:04:38,134 INFO 8336 [egg-schedule]: register schedule D:\egg\egg-example\node_modules\egg-multipart\app\schedule\clean_tmpdir.js
2021-02-03 17:04:38,134 INFO 8336 [egg-schedule]: register schedule D:\egg\egg-example\node_modules\egg-logrotator\app\schedule\clean_log.js
2021-02-03 17:04:38,134 INFO 8336 [egg-schedule]: register schedule D:\egg\egg-example\node_modules\egg-logrotator\app\schedule\rotate_by_file.js
2021-02-03 17:12:03,427 INFO 23952 [egg-schedule]: register schedule D:\egg\egg-example\node_modules\egg-multipart\app\schedule\clean_tmpdir.js
2021-02-03 17:12:03,427 INFO 23952 [egg-schedule]: register schedule D:\egg\egg-example\node_modules\egg-logrotator\app\schedule\clean_log.js
2021-02-03 17:12:03,427 INFO 23952 [egg-schedule]: register schedule D:\egg\egg-example\node_modules\egg-logrotator\app\schedule\rotate_by_file.js
2021-02-03 17:14:25,662 INFO 22324 [egg-schedule]: register schedule D:\egg\egg-example\node_modules\egg-multipart\app\schedule\clean_tmpdir.js
2021-02-03 17:14:25,662 INFO 22324 [egg-schedule]: register schedule D:\egg\egg-example\node_modules\egg-logrotator\app\schedule\clean_log.js
2021-02-03 17:14:25,662 INFO 22324 [egg-schedule]: register schedule D:\egg\egg-example\node_modules\egg-logrotator\app\schedule\rotate_by_file.js
2021-02-03 17:14:28,143 INFO 7324 [egg-schedule]: register schedule D:\egg\egg-example\node_modules\egg-multipart\app\schedule\clean_tmpdir.js
2021-02-03 17:14:28,143 INFO 7324 [egg-schedule]: register schedule D:\egg\egg-example\node_modules\egg-logrotator\app\schedule\clean_log.js
2021-02-03 17:14:28,143 INFO 7324 [egg-schedule]: register schedule D:\egg\egg-example\node_modules\egg-logrotator\app\schedule\rotate_by_file.js
2021-02-03 17:15:40,739 INFO 22720 [egg-schedule]: register schedule D:\egg\egg-example\node_modules\egg-multipart\app\schedule\clean_tmpdir.js
2021-02-03 17:15:40,739 INFO 22720 [egg-schedule]: register schedule D:\egg\egg-example\node_modules\egg-logrotator\app\schedule\clean_log.js
2021-02-03 17:15:40,739 INFO 22720 [egg-schedule]: register schedule D:\egg\egg-example\node_modules\egg-logrotator\app\schedule\rotate_by_file.js
2021-02-03 17:15:51,658 INFO 22776 [egg-schedule]: register schedule D:\egg\egg-example\node_modules\egg-multipart\app\schedule\clean_tmpdir.js
2021-02-03 17:15:51,659 INFO 22776 [egg-schedule]: register schedule D:\egg\egg-example\node_modules\egg-logrotator\app\schedule\clean_log.js
2021-02-03 17:15:51,659 INFO 22776 [egg-schedule]: register schedule D:\egg\egg-example\node_modules\egg-logrotator\app\schedule\rotate_by_file.js
2021-02-03 17:15:58,705 INFO 12352 [egg-schedule]: register schedule D:\egg\egg-example\node_modules\egg-multipart\app\schedule\clean_tmpdir.js
2021-02-03 17:15:58,705 INFO 12352 [egg-schedule]: register schedule D:\egg\egg-example\node_modules\egg-logrotator\app\schedule\clean_log.js
2021-02-03 17:15:58,705 INFO 12352 [egg-schedule]: register schedule D:\egg\egg-example\node_modules\egg-logrotator\app\schedule\rotate_by_file.js
2021-02-03 17:16:20,263 INFO 1492 [egg-schedule]: register schedule D:\egg\egg-example\node_modules\egg-multipart\app\schedule\clean_tmpdir.js
2021-02-03 17:16:20,263 INFO 1492 [egg-schedule]: register schedule D:\egg\egg-example\node_modules\egg-logrotator\app\schedule\clean_log.js
2021-02-03 17:16:20,263 INFO 1492 [egg-schedule]: register schedule D:\egg\egg-example\node_modules\egg-logrotator\app\schedule\rotate_by_file.js
2021-02-03 17:19:51,732 INFO 18676 [egg-schedule]: register schedule D:\egg\egg-example\node_modules\egg-multipart\app\schedule\clean_tmpdir.js
2021-02-03 17:19:51,732 INFO 18676 [egg-schedule]: register schedule D:\egg\egg-example\node_modules\egg-logrotator\app\schedule\clean_log.js
2021-02-03 17:19:51,732 INFO 18676 [egg-schedule]: register schedule D:\egg\egg-example\node_modules\egg-logrotator\app\schedule\rotate_by_file.js
2021-02-03 17:19:57,432 INFO 22132 [egg-schedule]: register schedule D:\egg\egg-example\node_modules\egg-multipart\app\schedule\clean_tmpdir.js
2021-02-03 17:19:57,432 INFO 22132 [egg-schedule]: register schedule D:\egg\egg-example\node_modules\egg-logrotator\app\schedule\clean_log.js
2021-02-03 17:19:57,432 INFO 22132 [egg-schedule]: register schedule D:\egg\egg-example\node_modules\egg-logrotator\app\schedule\rotate_by_file.js
2021-02-03 17:20:53,264 INFO 24684 [egg-schedule]: register schedule D:\egg\egg-example\node_modules\egg-multipart\app\schedule\clean_tmpdir.js
2021-02-03 17:20:53,264 INFO 24684 [egg-schedule]: register schedule D:\egg\egg-example\node_modules\egg-logrotator\app\schedule\clean_log.js
2021-02-03 17:20:53,264 INFO 24684 [egg-schedule]: register schedule D:\egg\egg-example\node_modules\egg-logrotator\app\schedule\rotate_by_file.js
2021-02-03 17:21:09,742 INFO 22316 [egg-schedule]: register schedule D:\egg\egg-example\node_modules\egg-multipart\app\schedule\clean_tmpdir.js
2021-02-03 17:21:09,742 INFO 22316 [egg-schedule]: register schedule D:\egg\egg-example\node_modules\egg-logrotator\app\schedule\clean_log.js
2021-02-03 17:21:09,742 INFO 22316 [egg-schedule]: register schedule D:\egg\egg-example\node_modules\egg-logrotator\app\schedule\rotate_by_file.js
2021-02-03 17:21:13,154 INFO 25248 [egg-schedule]: register schedule D:\egg\egg-example\node_modules\egg-multipart\app\schedule\clean_tmpdir.js
2021-02-03 17:21:13,154 INFO 25248 [egg-schedule]: register schedule D:\egg\egg-example\node_modules\egg-logrotator\app\schedule\clean_log.js
2021-02-03 17:21:13,154 INFO 25248 [egg-schedule]: register schedule D:\egg\egg-example\node_modules\egg-logrotator\app\schedule\rotate_by_file.js
2021-02-03 17:21:19,860 INFO 8084 [egg-schedule]: register schedule D:\egg\egg-example\node_modules\egg-multipart\app\schedule\clean_tmpdir.js
2021-02-03 17:21:19,860 INFO 8084 [egg-schedule]: register schedule D:\egg\egg-example\node_modules\egg-logrotator\app\schedule\clean_log.js
2021-02-03 17:21:19,860 INFO 8084 [egg-schedule]: register schedule D:\egg\egg-example\node_modules\egg-logrotator\app\schedule\rotate_by_file.js
2021-02-03 17:21:28,048 INFO 19328 [egg-schedule]: register schedule D:\egg\egg-example\node_modules\egg-multipart\app\schedule\clean_tmpdir.js
2021-02-03 17:21:28,048 INFO 19328 [egg-schedule]: register schedule D:\egg\egg-example\node_modules\egg-logrotator\app\schedule\clean_log.js
2021-02-03 17:21:28,048 INFO 19328 [egg-schedule]: register schedule D:\egg\egg-example\node_modules\egg-logrotator\app\schedule\rotate_by_file.js
2021-02-03 17:21:33,880 INFO 15484 [egg-schedule]: register schedule D:\egg\egg-example\node_modules\egg-multipart\app\schedule\clean_tmpdir.js
2021-02-03 17:21:33,880 INFO 15484 [egg-schedule]: register schedule D:\egg\egg-example\node_modules\egg-logrotator\app\schedule\clean_log.js
2021-02-03 17:21:33,880 INFO 15484 [egg-schedule]: register schedule D:\egg\egg-example\node_modules\egg-logrotator\app\schedule\rotate_by_file.js
2021-02-03 17:24:20,997 INFO 16392 [egg-schedule]: register schedule D:\egg\egg-example\node_modules\egg-multipart\app\schedule\clean_tmpdir.js
2021-02-03 17:24:20,997 INFO 16392 [egg-schedule]: register schedule D:\egg\egg-example\node_modules\egg-logrotator\app\schedule\clean_log.js
2021-02-03 17:24:20,997 INFO 16392 [egg-schedule]: register schedule D:\egg\egg-example\node_modules\egg-logrotator\app\schedule\rotate_by_file.js
2021-02-03 17:26:56,327 INFO 19564 [egg-schedule]: register schedule D:\egg\egg-example\node_modules\egg-multipart\app\schedule\clean_tmpdir.js
2021-02-03 17:26:56,327 INFO 19564 [egg-schedule]: register schedule D:\egg\egg-example\node_modules\egg-logrotator\app\schedule\clean_log.js
2021-02-03 17:26:56,327 INFO 19564 [egg-schedule]: register schedule D:\egg\egg-example\node_modules\egg-logrotator\app\schedule\rotate_by_file.js
2021-02-03 17:27:19,199 INFO 7220 [egg-schedule]: register schedule D:\egg\egg-example\node_modules\egg-multipart\app\schedule\clean_tmpdir.js
2021-02-03 17:27:19,199 INFO 7220 [egg-schedule]: register schedule D:\egg\egg-example\node_modules\egg-logrotator\app\schedule\clean_log.js
2021-02-03 17:27:19,199 INFO 7220 [egg-schedule]: register schedule D:\egg\egg-example\node_modules\egg-logrotator\app\schedule\rotate_by_file.js
2021-02-03 17:27:34,890 INFO 22236 [egg-schedule]: register schedule D:\egg\egg-example\node_modules\egg-multipart\app\schedule\clean_tmpdir.js
2021-02-03 17:27:34,890 INFO 22236 [egg-schedule]: register schedule D:\egg\egg-example\node_modules\egg-logrotator\app\schedule\clean_log.js
2021-02-03 17:27:34,890 INFO 22236 [egg-schedule]: register schedule D:\egg\egg-example\node_modules\egg-logrotator\app\schedule\rotate_by_file.js
2021-02-03 17:27:51,250 INFO 6304 [egg-schedule]: register schedule D:\egg\egg-example\node_modules\egg-multipart\app\schedule\clean_tmpdir.js
2021-02-03 17:27:51,250 INFO 6304 [egg-schedule]: register schedule D:\egg\egg-example\node_modules\egg-logrotator\app\schedule\clean_log.js
2021-02-03 17:27:51,250 INFO 6304 [egg-schedule]: register schedule D:\egg\egg-example\node_modules\egg-logrotator\app\schedule\rotate_by_file.js
2021-02-03 17:28:33,204 INFO 6452 [egg-schedule]: register schedule D:\egg\egg-example\node_modules\egg-multipart\app\schedule\clean_tmpdir.js
2021-02-03 17:28:33,204 INFO 6452 [egg-schedule]: register schedule D:\egg\egg-example\node_modules\egg-logrotator\app\schedule\clean_log.js
2021-02-03 17:28:33,204 INFO 6452 [egg-schedule]: register schedule D:\egg\egg-example\node_modules\egg-logrotator\app\schedule\rotate_by_file.js
2021-02-03 17:29:17,981 INFO 21004 [egg-schedule]: register schedule D:\egg\egg-example\node_modules\egg-multipart\app\schedule\clean_tmpdir.js
2021-02-03 17:29:17,981 INFO 21004 [egg-schedule]: register schedule D:\egg\egg-example\node_modules\egg-logrotator\app\schedule\clean_log.js
2021-02-03 17:29:17,981 INFO 21004 [egg-schedule]: register schedule D:\egg\egg-example\node_modules\egg-logrotator\app\schedule\rotate_by_file.js
2021-02-03 17:30:30,636 INFO 22180 [egg-schedule]: register schedule D:\egg\egg-example\node_modules\egg-multipart\app\schedule\clean_tmpdir.js
2021-02-03 17:30:30,636 INFO 22180 [egg-schedule]: register schedule D:\egg\egg-example\node_modules\egg-logrotator\app\schedule\clean_log.js
2021-02-03 17:30:30,636 INFO 22180 [egg-schedule]: register schedule D:\egg\egg-example\node_modules\egg-logrotator\app\schedule\rotate_by_file.js
2021-02-03 17:30:44,329 INFO 23572 [egg-schedule]: register schedule D:\egg\egg-example\node_modules\egg-multipart\app\schedule\clean_tmpdir.js
2021-02-03 17:30:44,329 INFO 23572 [egg-schedule]: register schedule D:\egg\egg-example\node_modules\egg-logrotator\app\schedule\clean_log.js
2021-02-03 17:30:44,329 INFO 23572 [egg-schedule]: register schedule D:\egg\egg-example\node_modules\egg-logrotator\app\schedule\rotate_by_file.js
2021-02-03 17:30:57,843 INFO 25460 [egg-schedule]: register schedule D:\egg\egg-example\node_modules\egg-multipart\app\schedule\clean_tmpdir.js
2021-02-03 17:30:57,843 INFO 25460 [egg-schedule]: register schedule D:\egg\egg-example\node_modules\egg-logrotator\app\schedule\clean_log.js
2021-02-03 17:30:57,843 INFO 25460 [egg-schedule]: register schedule D:\egg\egg-example\node_modules\egg-logrotator\app\schedule\rotate_by_file.js
2021-02-03 17:31:59,083 INFO 21276 [egg-schedule]: register schedule D:\egg\egg-example\node_modules\egg-multipart\app\schedule\clean_tmpdir.js
2021-02-03 17:31:59,083 INFO 21276 [egg-schedule]: register schedule D:\egg\egg-example\node_modules\egg-logrotator\app\schedule\clean_log.js
2021-02-03 17:31:59,083 INFO 21276 [egg-schedule]: register schedule D:\egg\egg-example\node_modules\egg-logrotator\app\schedule\rotate_by_file.js
2021-02-03 17:32:21,077 INFO 25320 [egg-schedule]: register schedule D:\egg\egg-example\node_modules\egg-multipart\app\schedule\clean_tmpdir.js
2021-02-03 17:32:21,077 INFO 25320 [egg-schedule]: register schedule D:\egg\egg-example\node_modules\egg-logrotator\app\schedule\clean_log.js
2021-02-03 17:32:21,077 INFO 25320 [egg-schedule]: register schedule D:\egg\egg-example\node_modules\egg-logrotator\app\schedule\rotate_by_file.js
2021-02-03 17:32:33,168 INFO 21380 [egg-schedule]: register schedule D:\egg\egg-example\node_modules\egg-multipart\app\schedule\clean_tmpdir.js
2021-02-03 17:32:33,168 INFO 21380 [egg-schedule]: register schedule D:\egg\egg-example\node_modules\egg-logrotator\app\schedule\clean_log.js
2021-02-03 17:32:33,168 INFO 21380 [egg-schedule]: register schedule D:\egg\egg-example\node_modules\egg-logrotator\app\schedule\rotate_by_file.js
2021-02-03 17:32:48,997 INFO 24976 [egg-schedule]: register schedule D:\egg\egg-example\node_modules\egg-multipart\app\schedule\clean_tmpdir.js
2021-02-03 17:32:48,997 INFO 24976 [egg-schedule]: register schedule D:\egg\egg-example\node_modules\egg-logrotator\app\schedule\clean_log.js
2021-02-03 17:32:48,997 INFO 24976 [egg-schedule]: register schedule D:\egg\egg-example\node_modules\egg-logrotator\app\schedule\rotate_by_file.js
2021-02-03 17:34:11,567 INFO 24204 [egg-schedule]: register schedule D:\egg\egg-example\node_modules\egg-multipart\app\schedule\clean_tmpdir.js
2021-02-03 17:34:11,567 INFO 24204 [egg-schedule]: register schedule D:\egg\egg-example\node_modules\egg-logrotator\app\schedule\clean_log.js
2021-02-03 17:34:11,567 INFO 24204 [egg-schedule]: register schedule D:\egg\egg-example\node_modules\egg-logrotator\app\schedule\rotate_by_file.js
2021-02-03 17:34:29,839 INFO 23028 [egg-schedule]: register schedule D:\egg\egg-example\node_modules\egg-multipart\app\schedule\clean_tmpdir.js
2021-02-03 17:34:29,839 INFO 23028 [egg-schedule]: register schedule D:\egg\egg-example\node_modules\egg-logrotator\app\schedule\clean_log.js
2021-02-03 17:34:29,839 INFO 23028 [egg-schedule]: register schedule D:\egg\egg-example\node_modules\egg-logrotator\app\schedule\rotate_by_file.js
2021-02-03 17:35:40,827 INFO 22176 [egg-schedule]: register schedule D:\egg\egg-example\node_modules\egg-multipart\app\schedule\clean_tmpdir.js
2021-02-03 17:35:40,827 INFO 22176 [egg-schedule]: register schedule D:\egg\egg-example\node_modules\egg-logrotator\app\schedule\clean_log.js
2021-02-03 17:35:40,827 INFO 22176 [egg-schedule]: register schedule D:\egg\egg-example\node_modules\egg-logrotator\app\schedule\rotate_by_file.js
2021-02-03 17:36:10,869 INFO 9696 [egg-schedule]: register schedule D:\egg\egg-example\node_modules\egg-multipart\app\schedule\clean_tmpdir.js
2021-02-03 17:36:10,869 INFO 9696 [egg-schedule]: register schedule D:\egg\egg-example\node_modules\egg-logrotator\app\schedule\clean_log.js
2021-02-03 17:36:10,869 INFO 9696 [egg-schedule]: register schedule D:\egg\egg-example\node_modules\egg-logrotator\app\schedule\rotate_by_file.js
2021-02-03 17:36:31,872 INFO 22512 [egg-schedule]: register schedule D:\egg\egg-example\node_modules\egg-multipart\app\schedule\clean_tmpdir.js
2021-02-03 17:36:31,872 INFO 22512 [egg-schedule]: register schedule D:\egg\egg-example\node_modules\egg-logrotator\app\schedule\clean_log.js
2021-02-03 17:36:31,872 INFO 22512 [egg-schedule]: register schedule D:\egg\egg-example\node_modules\egg-logrotator\app\schedule\rotate_by_file.js
2021-02-03 17:40:59,678 INFO 2760 [egg-schedule]: register schedule D:\egg\egg-example\node_modules\egg-multipart\app\schedule\clean_tmpdir.js
2021-02-03 17:40:59,678 INFO 2760 [egg-schedule]: register schedule D:\egg\egg-example\node_modules\egg-logrotator\app\schedule\clean_log.js
2021-02-03 17:40:59,678 INFO 2760 [egg-schedule]: register schedule D:\egg\egg-example\node_modules\egg-logrotator\app\schedule\rotate_by_file.js
2021-02-03 17:44:40,689 INFO 1232 [egg-schedule]: register schedule D:\egg\egg-example\node_modules\egg-multipart\app\schedule\clean_tmpdir.js
2021-02-03 17:44:40,689 INFO 1232 [egg-schedule]: register schedule D:\egg\egg-example\node_modules\egg-logrotator\app\schedule\clean_log.js
2021-02-03 17:44:40,689 INFO 1232 [egg-schedule]: register schedule D:\egg\egg-example\node_modules\egg-logrotator\app\schedule\rotate_by_file.js
2021-02-03 17:45:07,369 INFO 22156 [egg-schedule]: register schedule D:\egg\egg-example\node_modules\egg-multipart\app\schedule\clean_tmpdir.js
2021-02-03 17:45:07,369 INFO 22156 [egg-schedule]: register schedule D:\egg\egg-example\node_modules\egg-logrotator\app\schedule\clean_log.js
2021-02-03 17:45:07,369 INFO 22156 [egg-schedule]: register schedule D:\egg\egg-example\node_modules\egg-logrotator\app\schedule\rotate_by_file.js
2021-02-03 17:45:26,890 INFO 19460 [egg-schedule]: register schedule D:\egg\egg-example\node_modules\egg-multipart\app\schedule\clean_tmpdir.js
2021-02-03 17:45:26,890 INFO 19460 [egg-schedule]: register schedule D:\egg\egg-example\node_modules\egg-logrotator\app\schedule\clean_log.js
2021-02-03 17:45:26,890 INFO 19460 [egg-schedule]: register schedule D:\egg\egg-example\node_modules\egg-logrotator\app\schedule\rotate_by_file.js
2021-02-03 17:45:36,493 INFO 12736 [egg-schedule]: register schedule D:\egg\egg-example\node_modules\egg-multipart\app\schedule\clean_tmpdir.js
2021-02-03 17:45:36,493 INFO 12736 [egg-schedule]: register schedule D:\egg\egg-example\node_modules\egg-logrotator\app\schedule\clean_log.js
2021-02-03 17:45:36,493 INFO 12736 [egg-schedule]: register schedule D:\egg\egg-example\node_modules\egg-logrotator\app\schedule\rotate_by_file.js
